[    0.000000] Linux version 4.15.0-167-generic (buildd@lcy02-amd64-045) (gcc version 7.5.0 (Ubuntu 7.5.0-3ubuntu1~18.04)) #175-Ubuntu SMP Wed Jan 5 01:56:07 UTC 2022 (Ubuntu 4.15.0-167.175-generic 4.15.18)
[    0.000000] Command line: BOOT_IMAGE=/boot/vmlinuz-4.15.0-167-generic root=LABEL=cloudimg-rootfs ro console=tty1 console=ttyS0
[    0.000000] KERNEL supported cpus:
[    0.000000]   Intel GenuineIntel
[    0.000000]   AMD AuthenticAMD
[    0.000000]   Centaur CentaurHauls
[    0.000000] x86/fpu: x87 FPU will use FXSAVE
[    0.000000] e820: BIOS-provided physical RAM map:
[    0.000000] BIOS-e820: [mem 0x0000000000000000-0x000000000009fbff] usable
[    0.000000] BIOS-e820: [mem 0x000000000009fc00-0x000000000009ffff] reserved
[    0.000000] BIOS-e820: [mem 0x00000000000f0000-0x00000000000fffff] reserved
[    0.000000] BIOS-e820: [mem 0x0000000000100000-0x000000003ffeffff] usable
[    0.000000] BIOS-e820: [mem 0x000000003fff0000-0x000000003fffffff] ACPI data
[    0.000000] BIOS-e820: [mem 0x00000000fec00000-0x00000000fec00fff] reserved
[    0.000000] BIOS-e820: [mem 0x00000000fee00000-0x00000000fee00fff] reserved
[    0.000000] BIOS-e820: [mem 0x00000000fffc0000-0x00000000ffffffff] reserved
[    0.000000] NX (Execute Disable) protection: active
[    0.000000] SMBIOS 2.5 present.
[    0.000000] DMI: innotek GmbH VirtualBox/VirtualBox, BIOS VirtualBox 12/01/2006
[    0.000000] Hypervisor detected: KVM
[    0.000000] e820: last_pfn = 0x3fff0 max_arch_pfn = 0x400000000
[    0.000000] MTRR: Disabled
[    0.000000] x86/PAT: MTRRs disabled, skipping PAT initialization too.
[    0.000000] CPU MTRRs all blank - virtualized system.
[    0.000000] x86/PAT: Configuration [0-7]: WB  WT  UC- UC  WB  WT  UC- UC  
[    0.000000] found SMP MP-table at [mem 0x0009fff0-0x0009ffff]
[    0.000000] Scanning 1 areas for low memory corruption
[    0.000000] RAMDISK: [mem 0x359c9000-0x36cdbfff]
[    0.000000] ACPI: Early table checksum verification disabled
[    0.000000] ACPI: RSDP 0x00000000000E0000 000024 (v02 VBOX  )
[    0.000000] ACPI: XSDT 0x000000003FFF0030 00003C (v01 VBOX   VBOXXSDT 00000001 ASL  00000061)
[    0.000000] ACPI: FACP 0x000000003FFF00F0 0000F4 (v04 VBOX   VBOXFACP 00000001 ASL  00000061)
[    0.000000] ACPI: DSDT 0x000000003FFF0470 002325 (v02 VBOX   VBOXBIOS 00000002 INTL 20100528)
[    0.000000] ACPI: FACS 0x000000003FFF0200 000040
[    0.000000] ACPI: FACS 0x000000003FFF0200 000040
[    0.000000] ACPI: APIC 0x000000003FFF0240 00005C (v02 VBOX   VBOXAPIC 00000001 ASL  00000061)
[    0.000000] ACPI: SSDT 0x000000003FFF02A0 0001CC (v01 VBOX   VBOXCPUT 00000002 INTL 20100528)
[    0.000000] ACPI: Reserving FACP table memory at [mem 0x3fff00f0-0x3fff01e3]
[    0.000000] ACPI: Reserving DSDT table memory at [mem 0x3fff0470-0x3fff2794]
[    0.000000] ACPI: Reserving FACS table memory at [mem 0x3fff0200-0x3fff023f]
[    0.000000] ACPI: Reserving FACS table memory at [mem 0x3fff0200-0x3fff023f]
[    0.000000] ACPI: Reserving APIC table memory at [mem 0x3fff0240-0x3fff029b]
[    0.000000] ACPI: Reserving SSDT table memory at [mem 0x3fff02a0-0x3fff046b]
[    0.000000] No NUMA configuration found
[    0.000000] Faking a node at [mem 0x0000000000000000-0x000000003ffeffff]
[    0.000000] NODE_DATA(0) allocated [mem 0x3ffc5000-0x3ffeffff]
[    0.000000] kvm-clock: cpu 0, msr 0:3ff44001, primary cpu clock
[    0.000000] kvm-clock: Using msrs 4b564d01 and 4b564d00
[    0.000000] kvm-clock: using sched offset of 4317451803 cycles
[    0.000000] clocksource: kvm-clock: mask: 0xffffffffffffffff max_cycles: 0x1cd42e4dffb, max_idle_ns: 881590591483 ns
[    0.000000] Zone ranges:
[    0.000000]   DMA      [mem 0x0000000000001000-0x0000000000ffffff]
[    0.000000]   DMA32    [mem 0x0000000001000000-0x000000003ffeffff]
[    0.000000]   Normal   empty
[    0.000000]   Device   empty
[    0.000000] Movable zone start for each node
[    0.000000] Early memory node ranges
[    0.000000]   node   0: [mem 0x0000000000001000-0x000000000009efff]
[    0.000000]   node   0: [mem 0x0000000000100000-0x000000003ffeffff]
[    0.000000] Reserved but unavailable: 104 pages
[    0.000000] Initmem setup node 0 [mem 0x0000000000001000-0x000000003ffeffff]
[    0.000000] ACPI: PM-Timer IO Port: 0x4008
[    0.000000] IOAPIC[0]: apic_id 2, version 32, address 0xfec00000, GSI 0-23
[    0.000000] ACPI: INT_SRC_OVR (bus 0 bus_irq 0 global_irq 2 dfl dfl)
[    0.000000] ACPI: INT_SRC_OVR (bus 0 bus_irq 9 global_irq 9 low level)
[    0.000000] Using ACPI (MADT) for SMP configuration information
[    0.000000] smpboot: Allowing 2 CPUs, 0 hotplug CPUs
[    0.000000] PM: Registered nosave memory: [mem 0x00000000-0x00000fff]
[    0.000000] PM: Registered nosave memory: [mem 0x0009f000-0x0009ffff]
[    0.000000] PM: Registered nosave memory: [mem 0x000a0000-0x000effff]
[    0.000000] PM: Registered nosave memory: [mem 0x000f0000-0x000fffff]
[    0.000000] e820: [mem 0x40000000-0xfebfffff] available for PCI devices
[    0.000000] Booting paravirtualized kernel on KVM
[    0.000000] clocksource: refined-jiffies: mask: 0xffffffff max_cycles: 0xffffffff, max_idle_ns: 7645519600211568 ns
[    0.000000] random: get_random_bytes called from start_kernel+0x99/0x500 with crng_init=0
[    0.000000] setup_percpu: NR_CPUS:8192 nr_cpumask_bits:2 nr_cpu_ids:2 nr_node_ids:1
[    0.000000] percpu: Embedded 50 pages/cpu s167936 r8192 d28672 u1048576
[    0.000000] PV qspinlock hash table entries: 256 (order: 0, 4096 bytes)
[    0.000000] Built 1 zonelists, mobility grouping on.  Total pages: 257913
[    0.000000] Policy zone: DMA32
[    0.000000] Kernel command line: BOOT_IMAGE=/boot/vmlinuz-4.15.0-167-generic root=LABEL=cloudimg-rootfs ro console=tty1 console=ttyS0
[    0.000000] Memory: 982636K/1048120K available (12300K kernel code, 2483K rwdata, 4324K rodata, 2476K init, 2724K bss, 65484K reserved, 0K cma-reserved)
[    0.000000] SLUB: HWalign=64, Order=0-3, MinObjects=0, CPUs=2, Nodes=1
[    0.000000] Kernel/User page tables isolation: enabled
[    0.000000] ftrace: allocating 39494 entries in 155 pages
[    0.004000] Hierarchical RCU implementation.
[    0.004000] 	RCU restricting CPUs from NR_CPUS=8192 to nr_cpu_ids=2.
[    0.004000] 	Tasks RCU enabled.
[    0.004000] RCU: Adjusting geometry for rcu_fanout_leaf=16, nr_cpu_ids=2
[    0.004000] NR_IRQS: 524544, nr_irqs: 440, preallocated irqs: 16
[    0.004000] Console: colour VGA+ 80x25
[    0.004000] console [tty1] enabled
[    0.004000] console [ttyS0] enabled
[    0.004000] ACPI: Core revision 20170831
[    0.004000] ACPI: 2 ACPI AML tables successfully acquired and loaded
[    0.004000] APIC: Switch to symmetric I/O mode setup
[    0.008000] ..TIMER: vector=0x30 apic1=0 pin1=2 apic2=-1 pin2=-1
[    0.008000] tsc: Detected 3696.012 MHz processor
[    0.008000] Calibrating delay loop (skipped) preset value.. 7392.02 BogoMIPS (lpj=14784048)
[    0.008000] pid_max: default: 32768 minimum: 301
[    0.008000] Security Framework initialized
[    0.008000] Yama: becoming mindful.
[    0.008000] AppArmor: AppArmor initialized
[    0.008000] Dentry cache hash table entries: 131072 (order: 8, 1048576 bytes)
[    0.008000] Inode-cache hash table entries: 65536 (order: 7, 524288 bytes)
[    0.008000] Mount-cache hash table entries: 2048 (order: 2, 16384 bytes)
[    0.008000] Mountpoint-cache hash table entries: 2048 (order: 2, 16384 bytes)
[    0.008997] Last level iTLB entries: 4KB 64, 2MB 8, 4MB 8
[    0.012000] Last level dTLB entries: 4KB 64, 2MB 0, 4MB 0, 1GB 4
[    0.012000] Spectre V1 : Mitigation: usercopy/swapgs barriers and __user pointer sanitization
[    0.012000] Spectre V2 : Mitigation: Full generic retpoline
[    0.012000] Spectre V2 : Spectre v2 / SpectreRSB mitigation: Filling RSB on context switch
[    0.012000] Speculative Store Bypass: Vulnerable
[    0.012000] MDS: Mitigation: Clear CPU buffers
[    0.012000] Freeing SMP alternatives memory: 36K
[    0.072000] smpboot: CPU0: Intel(R) Core(TM) i7-8700K CPU @ 3.70GHz (family: 0x6, model: 0x9e, stepping: 0xa)
[    0.072000] Performance Events: unsupported p6 CPU model 158 no PMU driver, software events only.
[    0.072000] Hierarchical SRCU implementation.
[    0.072000] NMI watchdog: Perf event create on CPU 0 failed with -2
[    0.072000] NMI watchdog: Perf NMI watchdog permanently disabled
[    0.072000] smp: Bringing up secondary CPUs ...
[    0.072000] x86: Booting SMP configuration:
[    0.072000] .... node  #0, CPUs:      #1
[    0.004000] kvm-clock: cpu 1, msr 0:3ff44041, secondary cpu clock
[    0.076000] TSC synchronization [CPU#0 -> CPU#1]:
[    0.076000] Measured 88259 cycles TSC warp between CPUs, turning off TSC clock.
[    0.076000] tsc: Marking TSC unstable due to check_tsc_sync_source failed
[    0.080175] smp: Brought up 1 node, 2 CPUs
[    0.084000] smpboot: Max logical packages: 1
[    0.084000] smpboot: Total of 2 processors activated (14784.04 BogoMIPS)
[    0.088101] devtmpfs: initialized
[    0.091258] x86/mm: Memory block size: 128MB
[    0.092000] evm: security.selinux
[    0.092000] evm: security.SMACK64
[    0.092000] evm: security.SMACK64EXEC
[    0.092000] evm: security.SMACK64TRANSMUTE
[    0.092000] evm: security.SMACK64MMAP
[    0.092000] evm: security.apparmor
[    0.092000] evm: security.ima
[    0.092000] evm: security.capability
[    0.092543] clocksource: jiffies: mask: 0xffffffff max_cycles: 0xffffffff, max_idle_ns: 7645041785100000 ns
[    0.096000] futex hash table entries: 512 (order: 3, 32768 bytes)
[    0.096000] pinctrl core: initialized pinctrl subsystem
[    0.096000] RTC time: 23:10:59, date: 02/20/22
[    0.096000] NET: Registered protocol family 16
[    0.096000] audit: initializing netlink subsys (disabled)
[    0.096269] audit: type=2000 audit(1645398664.096:1): state=initialized audit_enabled=0 res=1
[    0.112246] cpuidle: using governor ladder
[    0.116000] cpuidle: using governor menu
[    0.116000] ACPI: bus type PCI registered
[    0.116000] acpiphp: ACPI Hot Plug PCI Controller Driver version: 0.5
[    0.116000] PCI: Using configuration type 1 for base access
[    0.120616] HugeTLB registered 2.00 MiB page size, pre-allocated 0 pages
[    0.128584] ACPI: Added _OSI(Module Device)
[    0.131711] ACPI: Added _OSI(Processor Device)
[    0.132000] ACPI: Added _OSI(3.0 _SCP Extensions)
[    0.132000] ACPI: Added _OSI(Processor Aggregator Device)
[    0.132000] ACPI: Added _OSI(Linux-Dell-Video)
[    0.132000] ACPI: Added _OSI(Linux-Lenovo-NV-HDMI-Audio)
[    0.132000] ACPI: Added _OSI(Linux-HPI-Hybrid-Graphics)
[    0.132860] ACPI: Executed 1 blocks of module-level executable AML code
[    0.140543] ACPI: Interpreter enabled
[    0.143621] ACPI: (supports S0 S5)
[    0.144000] ACPI: Using IOAPIC for interrupt routing
[    0.144294] PCI: Using host bridge windows from ACPI; if necessary, use "pci=nocrs" and report a bug
[    0.148000] ACPI: Enabled 2 GPEs in block 00 to 07
[    0.159406] ACPI: PCI Root Bridge [PCI0] (domain 0000 [bus 00-ff])
[    0.160000] acpi PNP0A03:00: _OSC: OS supports [ASPM ClockPM Segments MSI]
[    0.160826] acpi PNP0A03:00: _OSC: not requesting OS control; OS requires [ExtendedConfig ASPM ClockPM MSI]
[    0.164000] acpi PNP0A03:00: fail to add MMCONFIG information, can't access extended PCI configuration space under this bridge.
[    0.164786] PCI host bridge to bus 0000:00
[    0.168000] pci_bus 0000:00: root bus resource [io  0x0000-0x0cf7 window]
[    0.168000] pci_bus 0000:00: root bus resource [io  0x0d00-0xffff window]
[    0.168000] pci_bus 0000:00: root bus resource [mem 0x000a0000-0x000bffff window]
[    0.168000] pci_bus 0000:00: root bus resource [mem 0x40000000-0xfdffffff window]
[    0.168000] pci_bus 0000:00: root bus resource [bus 00-ff]
[    0.176000] pci 0000:00:01.1: legacy IDE quirk: reg 0x10: [io  0x01f0-0x01f7]
[    0.176000] pci 0000:00:01.1: legacy IDE quirk: reg 0x14: [io  0x03f6]
[    0.176000] pci 0000:00:01.1: legacy IDE quirk: reg 0x18: [io  0x0170-0x0177]
[    0.176000] pci 0000:00:01.1: legacy IDE quirk: reg 0x1c: [io  0x0376]
[    0.195704] pci 0000:00:07.0: quirk: [io  0x4000-0x403f] claimed by PIIX4 ACPI
[    0.196000] pci 0000:00:07.0: quirk: [io  0x4100-0x410f] claimed by PIIX4 SMB
[    0.205906] ACPI: PCI Interrupt Link [LNKA] (IRQs 5 9 10 *11)
[    0.208634] ACPI: PCI Interrupt Link [LNKB] (IRQs 5 9 *10 11)
[    0.212000] ACPI: PCI Interrupt Link [LNKC] (IRQs 5 *9 10 11)
[    0.212000] ACPI: PCI Interrupt Link [LNKD] (IRQs 5 9 10 *11)
[    0.212000] SCSI subsystem initialized
[    0.212255] pci 0000:00:02.0: vgaarb: setting as boot VGA device
[    0.216000] pci 0000:00:02.0: vgaarb: VGA device added: decodes=io+mem,owns=io+mem,locks=none
[    0.216000] pci 0000:00:02.0: vgaarb: bridge control possible
[    0.216000] vgaarb: loaded
[    0.216000] ACPI: bus type USB registered
[    0.216000] usbcore: registered new interface driver usbfs
[    0.216000] usbcore: registered new interface driver hub
[    0.216000] usbcore: registered new device driver usb
[    0.216250] EDAC MC: Ver: 3.0.0
[    0.220993] PCI: Using ACPI for IRQ routing
[    0.224000] NetLabel: Initializing
[    0.224000] NetLabel:  domain hash size = 128
[    0.224000] NetLabel:  protocols = UNLABELED CIPSOv4 CALIPSO
[    0.224000] NetLabel:  unlabeled traffic allowed by default
[    0.224386] clocksource: Switched to clocksource kvm-clock
[    0.228000] VFS: Disk quotas dquot_6.6.0
[    0.228000] VFS: Dquot-cache hash table entries: 512 (order 0, 4096 bytes)
[    0.228000] AppArmor: AppArmor Filesystem Enabled
[    0.228000] pnp: PnP ACPI init
[    0.280674] pnp: PnP ACPI: found 3 devices
[    0.324408] clocksource: acpi_pm: mask: 0xffffff max_cycles: 0xffffff, max_idle_ns: 2085701024 ns
[    0.328270] NET: Registered protocol family 2
[    0.328270] IP idents hash table entries: 16384 (order: 5, 131072 bytes)
[    0.342009] TCP established hash table entries: 8192 (order: 4, 65536 bytes)
[    0.345744] TCP bind hash table entries: 8192 (order: 5, 131072 bytes)
[    0.345744] TCP: Hash tables configured (established 8192 bind 8192)
[    0.345744] UDP hash table entries: 512 (order: 2, 16384 bytes)
[    0.345744] UDP-Lite hash table entries: 512 (order: 2, 16384 bytes)
[    0.345744] NET: Registered protocol family 1
[    0.345744] pci 0000:00:00.0: Limiting direct PCI/PCI transfers
[    0.345744] pci 0000:00:01.0: Activating ISA DMA hang workarounds
[    0.345744] pci 0000:00:02.0: Video device with shadowed ROM at [mem 0x000c0000-0x000dffff]
[    0.345744] Unpacking initramfs...
[    0.607723] Freeing initrd memory: 19532K
[    0.607723] clocksource: tsc: mask: 0xffffffffffffffff max_cycles: 0x6a8d3b76e56, max_idle_ns: 881590545799 ns
[    0.607723] platform rtc_cmos: registered platform RTC device (no PNP device found)
[    0.607723] Scanning for low memory corruption every 60 seconds
[    0.789390] Initialise system trusted keyrings
[    0.792830] Key type blacklist registered
[    0.797016] workingset: timestamp_bits=36 max_order=18 bucket_order=0
[    0.800748] zbud: loaded
[    0.800748] squashfs: version 4.0 (2009/01/31) Phillip Lougher
[    0.813088] fuse init (API version 7.26)
[    0.838630] Key type asymmetric registered
[    0.842214] Asymmetric key parser 'x509' registered
[    0.842626] Block layer SCSI generic (bsg) driver version 0.4 loaded (major 246)
[    0.852996] io scheduler noop registered
[    0.856173] io scheduler deadline registered
[    0.856803] io scheduler cfq registered (default)
[    0.864577] ACPI: AC Adapter [AC] (on-line)
[    0.868033] input: Power Button as /devices/LNXSYSTM:00/LNXPWRBN:00/input/input0
[    0.875204] ACPI: Power Button [PWRF]
[    0.878998] input: Sleep Button as /devices/LNXSYSTM:00/LNXSLPBN:00/input/input1
[    0.879199] ACPI: Sleep Button [SLPF]
[    0.889820] Serial: 8250/16550 driver, 32 ports, IRQ sharing enabled
[    0.921831] 00:02: ttyS0 at I/O 0x3f8 (irq = 4, base_baud = 115200) is a 16550A
[    0.941938] Linux agpgart interface v0.103
[    0.950694] loop: module loaded
[    0.955815] scsi host0: ata_piix
[    0.959751] scsi host1: ata_piix
[    0.962622] ata1: PATA max UDMA/33 cmd 0x1f0 ctl 0x3f6 bmdma 0xd000 irq 14
[    0.963704] ata2: PATA max UDMA/33 cmd 0x170 ctl 0x376 bmdma 0xd008 irq 15
[    0.972875] libphy: Fixed MDIO Bus: probed
[    0.973924] tun: Universal TUN/TAP device driver, 1.6
[    0.982147] PPP generic driver version 2.4.2
[    0.986188] ehci_hcd: USB 2.0 'Enhanced' Host Controller (EHCI) Driver
[    0.990107] ehci-pci: EHCI PCI platform driver
[    0.990107] ehci-platform: EHCI generic platform driver
[    0.990107] ohci_hcd: USB 1.1 'Open' Host Controller (OHCI) Driver
[    0.990107] ohci-pci: OHCI PCI platform driver
[    0.990107] ohci-platform: OHCI generic platform driver
[    0.990107] uhci_hcd: USB Universal Host Controller Interface driver
[    0.990107] i8042: PNP: PS/2 Controller [PNP0303:PS2K,PNP0f03:PS2M] at 0x60,0x64 irq 1,12
[    1.027624] serio: i8042 KBD port at 0x60,0x64 irq 1
[    1.030097] serio: i8042 AUX port at 0x60,0x64 irq 12
[    1.036304] mousedev: PS/2 mouse device common for all mice
[    1.042689] rtc_cmos rtc_cmos: rtc core: registered rtc_cmos as rtc0
[    1.046583] rtc_cmos rtc_cmos: alarms up to one day, 114 bytes nvram
[    1.046583] i2c /dev entries driver
[    1.046583] device-mapper: uevent: version 1.0.3
[    1.061066] device-mapper: ioctl: 4.37.0-ioctl (2017-09-20) initialised: dm-devel@redhat.com
[    1.068210] ledtrig-cpu: registered to indicate activity on CPUs
[    1.075863] input: AT Translated Set 2 keyboard as /devices/platform/i8042/serio0/input/input2
[    1.083676] NET: Registered protocol family 10
[    1.094456] Segment Routing with IPv6
[    1.098017] NET: Registered protocol family 17
[    1.102761] Key type dns_resolver registered
[    1.107512] mce: Using 0 MCE banks
[    1.110580] RAS: Correctable Errors collector initialized.
[    1.111244] sched_clock: Marking stable (1107244707, 0)->(2240629335, -1133384628)
[    1.124262] registered taskstats version 1
[    1.127884] Loading compiled-in X.509 certificates
[    1.185114] Loaded X.509 cert 'Build time autogenerated kernel key: 51c91b167e8daada285dd448a981da05683ebd03'
[    1.194053] Loaded X.509 cert 'Canonical Ltd. Live Patch Signing: 14df34d1a87cf37625abec039ef2bf521249b969'
[    1.202854] Loaded X.509 cert 'Canonical Ltd. Kernel Module Signing: 88f752e560a1e0737e31163a466ad7b70a850c19'
[    1.211652] blacklist: Loading compiled-in revocation X.509 certificates
[    1.217619] Loaded X.509 cert 'Canonical Ltd. Secure Boot Signing: 61482aa2830d0ab2ad5af10b7250da9033ddcef0'
[    1.225664] zswap: loaded using pool lzo/zbud
[    1.235872] Key type big_key registered
[    1.239430] Key type trusted registered
[    1.245971] Key type encrypted registered
[    1.249995] AppArmor: AppArmor sha1 policy hashing enabled
[    1.254643] ima: No TPM chip found, activating TPM-bypass! (rc=-19)
[    1.260399] ima: Allocated hash algorithm: sha1
[    1.264549] evm: HMAC attrs: 0x1
[    1.267957]   Magic number: 10:535:201
[    1.271734] rtc_cmos rtc_cmos: setting system clock to 2022-02-20 23:11:00 UTC (1645398660)
[    1.279108] BIOS EDD facility v0.16 2004-Jun-25, 0 devices found
[    1.284533] EDD information not available.
[    1.290832] Freeing unused kernel image memory: 2476K
[    1.312621] Write protecting the kernel read-only data: 20480k
[    1.318339] Freeing unused kernel image memory: 2008K
[    1.323623] Freeing unused kernel image memory: 1820K
[    1.332239] x86/mm: Checked W+X mappings: passed, no W+X pages found.
[    1.337919] x86/mm: Checking user space page tables
[    1.346817] x86/mm: Checked W+X mappings: passed, no W+X pages found.
Loading, please wait...
starting version 237
[    1.580380] e1000: Intel(R) PRO/1000 Network Driver - version 7.3.21-k8-NAPI
[    1.580717] Fusion MPT base driver 3.04.20
[    1.586299] e1000: Copyright (c) 1999-2006 Intel Corporation.
[    1.589570] Copyright (c) 1999-2008 LSI Corporation
[    1.626080] Fusion MPT SPI Host driver 3.04.20
[    1.867106] input: ImExPS/2 Generic Explorer Mouse as /devices/platform/i8042/serio1/input/input4
[    2.246765] e1000 0000:00:03.0 eth0: (PCI:33MHz:32-bit) 02:3b:ab:4a:a3:42
[    2.252504] e1000 0000:00:03.0 eth0: Intel(R) PRO/1000 Network Connection
[    2.260588] mptbase: ioc0: Initiating bringup
[    2.266451] e1000 0000:00:03.0 enp0s3: renamed from eth0
[    2.378616] ioc0: LSI53C1030 A0: Capabilities={Initiator}
[    2.634546] scsi host2: ioc0: LSI53C1030 A0, FwRev=00000000h, Ports=1, MaxQ=256, IRQ=20
[    2.810046] scsi 2:0:0:0: Direct-Access     VBOX     HARDDISK         1.0  PQ: 0 ANSI: 5
[    2.848180] scsi target2:0:0: Beginning Domain Validation
[    2.861543] scsi target2:0:0: Domain Validation skipping write tests
[    2.866774] scsi target2:0:0: Ending Domain Validation
[    2.871461] scsi target2:0:0: asynchronous
[    2.878618] scsi 2:0:1:0: Direct-Access     VBOX     HARDDISK         1.0  PQ: 0 ANSI: 5
[    2.912730] scsi target2:0:1: Beginning Domain Validation
[    2.925684] scsi target2:0:1: Domain Validation skipping write tests
[    2.930793] scsi target2:0:1: Ending Domain Validation
[    2.935399] scsi target2:0:1: asynchronous
[    2.943445] random: fast init done
[    2.953676] sd 2:0:0:0: Attached scsi generic sg0 type 0
[    2.953838] random: systemd-udevd: uninitialized urandom read (16 bytes read)
[    2.964085] random: systemd-udevd: uninitialized urandom read (16 bytes read)
[    2.969311] random: systemd-udevd: uninitialized urandom read (16 bytes read)
[    2.975431] sd 2:0:1:0: Attached scsi generic sg1 type 0
[    2.976399] sd 2:0:0:0: [sda] 83886080 512-byte logical blocks: (42.9 GB/40.0 GiB)
[    2.986638] sd 2:0:0:0: [sda] Write Protect is off
[    2.991091] sd 2:0:0:0: [sda] Incomplete mode parameter data
[    2.991168] sd 2:0:1:0: [sdb] 20480 512-byte logical blocks: (10.5 MB/10.0 MiB)
[    2.995822] sd 2:0:0:0: [sda] Assuming drive cache: write through
[    3.007047] sd 2:0:1:0: [sdb] Write Protect is off
[    3.010120]  sda: sda1
[    3.015189] sd 2:0:1:0: [sdb] Incomplete mode parameter data
[    3.016635] sd 2:0:0:0: [sda] Attached SCSI disk
[    3.020567] sd 2:0:1:0: [sdb] Assuming drive cache: write through
[    3.037845] sd 2:0:1:0: [sdb] Attached SCSI disk
Begin: Loading essential drivers ... [    5.037087] raid6: sse2x1   gen() 14269 MB/s
[    5.616615] raid6: sse2x1   xor() 10558 MB/s
[    6.616933] raid6: sse2x2   gen() 17250 MB/s
[    7.616235] raid6: sse2x2   xor() 11538 MB/s
[    8.635374] raid6: sse2x4   gen() 472986 MB/s
[   10.572829] raid6: sse2x4   xor() 281750 MB/s
[   10.577140] raid6: using algorithm sse2x4 gen() 472986 MB/s
[   10.581787] raid6: .... xor() 281750 MB/s, rmw enabled
[   10.586158] raid6: using ssse3x2 recovery algorithm
[   10.593330] xor: measuring software checksum speed
[   15.614790]    prefetch64-sse: 1750345.704 MB/sec
[   15.721244]    generic_sse: 60092.000 MB/sec
[   15.725004] xor: using function: prefetch64-sse (1750345.704 MB/sec)
[   15.732791] async_tx: api initialized (async)
done.
Begin: Running /scripts/init-premount ... done.
Begin: Mounting root file system ... Begin: Running /scripts/local-top ... done.
Begin: Running /scripts/local-premount ... [   15.789869] Btrfs loaded, crc32c=crc32c-intel
Scanning for Btrfs filesystems
done.
Warning: fsck not present, so skipping root file system
[   15.841548] EXT4-fs (sda1): mounted filesystem with ordered data mode. Opts: (null)
done.
Begin: Running /scripts/local-bottom ... done.
Begin: Running /scripts/init-bottom ... done.
[   16.080639] ip_tables: (C) 2000-2006 Netfilter Core Team
[   16.099134] systemd[1]: systemd 237 running in system mode. (+PAM +AUDIT +SELINUX +IMA +APPARMOR +SMACK +SYSVINIT +UTMP +LIBCRYPTSETUP +GCRYPT +GNUTLS +ACL +XZ +LZ4 +SECCOMP +BLKID +ELFUTILS +KMOD -IDN2 +IDN -PCRE2 default-hierarchy=hybrid)
[   16.116044] systemd[1]: Detected virtualization oracle.
[   16.121228] systemd[1]: Detected architecture x86-64.

Welcome to [1mUbuntu 18.04.6 LTS[0m!

[   16.151526] systemd[1]: Set hostname to <ubuntu>.
[   16.163395] systemd[1]: Initializing machine ID from random generator.
[   16.168708] systemd[1]: Installed transient /etc/machine-id file.
[   16.581431] systemd[1]: Reached target Swap.
[[0;32m  OK  [0m] Reached target Swap.
[   16.596157] systemd[1]: Created slice System Slice.
[[0;32m  OK  [0m] Created slice System Slice.
[   16.601775] systemd[1]: Listening on Syslog Socket.
[[0;32m  OK  [0m] Listening on Syslog Socket.
[   16.607855] systemd[1]: Listening on Journal Socket.
[[0;32m  OK  [0m] Listening on Journal Socket.
[[0;32m  OK  [0m] Listening on Device-mapper event daemon FIFOs.
[[0;32m  OK  [0m] Listening on Network Service Netlink Socket.
         Mounting POSIX Message Queue File System...
[[0;32m  OK  [0m] Listening on Journal Socket (/dev/log).
[[0;32m  OK  [0m] Listening on udev Kernel Socket.
[[0;32m  OK  [0m] Listening on LVM2 poll daemon socket.
[[0;32m  OK  [0m] Reached target System Time Synchronized.
         Starting Uncomplicated firewall...
[[0;32m  OK  [0m] Listening on udev Control Socket.
         Starting udev Coldplug all Devices...
[[0;32m  OK  [0m] Listening on LVM2 metadata daemon socket.
         Starting Monitoring of LVM2 mirrors…ng dmeventd or progress polling...
         Mounting Huge Pages File System...
         Starting Load Kernel Modules...
[[0;32m  OK  [0m] Created slice system-serial\x2dgetty.slice.
[[0;32m  OK  [0m] Reached target User and Group Name Lookups.
[[0;32m  OK  [0m] Created slice User and Session Slice.
[[0;32m  OK  [0m] Listening on Journal Audit Socket.
         Starting Journal Servic[   16.731405] Loading iSCSI transport class v2.0-870.
e...
[[0;32m  OK  [0m] Set up automount Arbitrary Executab…rmats File System Automount Point.
         Starting Set the console keyboard layout...
[[0;32m  OK  [0m] Started Forward Password Requests to Wall Directory Watch.
[   16.790045] iscsi: registered transport (tcp)
[[0;32m  OK  [0m] Listening on fsck to fsckd communication Socket.
         Starting File System Check on Root Device...
         Starting Create list of required st…ce nodes for the current kernel...
[[0;32m  OK  [0m] Reached target Slices.
[[0;32m  OK  [0m] Listening on /dev/initctl Compatibility Named Pipe.
         Mounting Kernel Debug File System...
[[0;32m  OK  [0m] Mounted POSIX Message Queue File System.
[[0;32m  OK  [0m] Started Uncomplicated firewall.
[[0;32m  OK  [0m] Mounted Huge Pages File System.
[[0;32m  OK  [0m] Mounted Kernel Debug File System.
[[0;32m  OK  [0m] Started LVM2 metadata daemon.
[[0;32m  OK  [0m] Started File System Check Daemon to report status.
[[0;32m  OK  [0m] Started udev Coldplug all Devices.
[[0;32m  OK  [0m] Started Create list of required sta…vice nodes for the current kernel.
         Starting Create Static Device Nodes in /dev...
[[0;32m  OK  [0m] Started Journal Service.
[[0;32m  OK  [0m] Started Create Static Device Nodes in /dev.
[[0;32m  OK  [0m] Started File System Check on Root Device.
         Starting Remount Root and Kernel File Systems...
[[0;32m  OK  [0m] Started Monitoring of LVM2 mirrors,…sing dmeventd or progress polling.
[   16.977386] iscsi: registered transport (iser)
[[0;32m  OK  [0m] Started Load Kernel Modules.
         Mounting Kernel Configuration File System...
         Starting Apply Kernel Variables...
         Mounting FUSE Control File System...
[[0;32m  OK  [0m] Mounted Kernel Configuration File System.
[[0;32m  OK  [0m] Mounted FUSE Control File System.
[[0;32m  OK  [0m] Started Remount Root and Kernel File Systems.
         Starting Load/Save Random Seed...
         Starting Flush Journal to Persistent Storage...
         Starting udev Kernel Device Manager...
[[0;32m  OK  [0m] Started Load/Save Random Seed.
[[0;32m  OK  [0m] Started Apply Kernel Variables.
[[0;32m  OK  [0m] Started udev Kernel Device Manager.
[[0;32m  OK  [0m] Started Flush Journal to Persistent Storage.
[[0;32m  OK  [0m] Found device /dev/ttyS0.
[[0;32m  OK  [0m] Listening on Load/Save RF Kill Switch Status /dev/rfkill Watch.
[[0;32m  OK  [0m] Started Set the console keyboard layout.
[[0;32m  OK  [0m] Reached target Local File Systems (Pre).
[[0;32m  OK  [0m] Reached target Local File Systems.
         Starting Create Volatile Files and Directories...
         Starting Tell Plymouth To Write Out Runtime Data...
         Starting Set console font and keymap...
         Starting AppArmor initialization...
         Starting Commit a transient machine-id on disk...
         Starting ebtables ruleset management...
[[0;32m  OK  [0m] Started Dispatch Password Requests to Console Directory Watch.
[[0;32m  OK  [0m] Reached target Local Encrypted Volumes.
[[0;32m  OK  [0m] Started Tell Plymouth To Write Out Runtime Data.
[[0;32m  OK  [0m] Started Create Volatile Files and Directories.
         Starting Update UTMP about System Boot/Shutdown...
[[0;32m  OK  [0m] Started Update UTMP about System Boot/Shutdown.
[[0;32m  OK  [0m] Started Commit a transient machine-id on disk.
[[0;32m  OK  [0m] Started ebtables ruleset management.
[[0;32m  OK  [0m] Started AppArmor initialization.
         Starting Initial cloud-init job (pre-networking)...
         Starting Load AppArmor profiles managed internally by snapd...
[[0;32m  OK  [0m] Started Load AppArmor profiles managed internally by snapd.
[[0;32m  OK  [0m] Started Set console font and keymap.
[   21.104283] cloud-init[736]: Cloud-init v. 21.4-0ubuntu1~18.04.1 running 'init-local' at Sun, 20 Feb 2022 23:11:20 +0000. Up 20.78 seconds.
[[0;32m  OK  [0m] Started Initial cloud-init job (pre-networking).
[[0;32m  OK  [0m] Reached target Network (Pre).
         Starting Network Service...
[[0;32m  OK  [0m] Started Network Service.
         Starting Wait for Network to be Configured...
         Starting Network Name Resolution...
[[0;32m  OK  [0m] Started Network Name Resolution.
[[0;32m  OK  [0m] Reached target Host and Network Name Lookups.
[[0;32m  OK  [0m] Reached target Network.
[[0;32m  OK  [0m] Started Wait for Network to be Configured.
         Starting Initial cloud-init job (metadata service crawler)...
[   22.826705] cloud-init[903]: Cloud-init v. 21.4-0ubuntu1~18.04.1 running 'init' at Sun, 20 Feb 2022 23:11:21 +0000. Up 22.73 seconds.
[   22.830102] cloud-init[903]: ci-info: ++++++++++++++++++++++++++++++++++++++Net device info++++++++++++++++++++++++++++++++++++++
[   22.833847] cloud-init[903]: ci-info: +--------+------+----------------------------+---------------+--------+-------------------+
[   22.837464] cloud-init[903]: ci-info: | Device |  Up  |          Address           |      Mask     | Scope  |     Hw-Address    |
[   22.841540] cloud-init[903]: ci-info: +--------+------+----------------------------+---------------+--------+-------------------+
[   22.845069] cloud-init[903]: ci-info: | enp0s3 | True |         10.0.2.15          | 255.255.255.0 | global | 02:3b:ab:4a:a3:42 |
[   22.848724] cloud-init[903]: ci-info: | enp0s3 | True | fe80::3b:abff:fe4a:a342/64 |       .       |  link  | 02:3b:ab:4a:a3:42 |
[   22.853550] cloud-init[903]: ci-info: |   lo   | True |         127.0.0.1          |   255.0.0.0   |  host  |         .         |
[   22.857136] cloud-init[903]: ci-info: |   lo   | True |          ::1/128           |       .       |  host  |         .         |
[   22.862083] cloud-init[903]: ci-info: +--------+------+----------------------------+---------------+--------+-------------------+
[   22.865486] cloud-init[903]: ci-info: ++++++++++++++++++++++++++++Route IPv4 info+++++++++++++++++++++++++++++
[   22.870083] cloud-init[903]: ci-info: +-------+-------------+----------+-----------------+-----------+-------+
[   22.873669] cloud-init[903]: ci-info: | Route | Destination | Gateway  |     Genmask     | Interface | Flags |
[   22.876892] cloud-init[903]: ci-info: +-------+-------------+----------+-----------------+-----------+-------+
[   22.880069] cloud-init[903]: ci-info: |   0   |   0.0.0.0   | 10.0.2.2 |     0.0.0.0     |   enp0s3  |   UG  |
[   22.883284] cloud-init[903]: ci-info: |   1   |   10.0.2.0  | 0.0.0.0  |  255.255.255.0  |   enp0s3  |   U   |
[   22.886660] cloud-init[903]: ci-info: |   2   |   10.0.2.2  | 0.0.0.0  | 255.255.255.255 |   enp0s3  |   UH  |
[   22.890666] cloud-init[903]: ci-info: +-------+-------------+----------+-----------------+-----------+-------+
[   22.897452] cloud-init[903]: ci-info: +++++++++++++++++++Route IPv6 info+++++++++++++++++++
[   22.900338] cloud-init[903]: ci-info: +-------+-------------+---------+-----------+-------+
[   22.903404] cloud-init[903]: ci-info: | Route | Destination | Gateway | Interface | Flags |
[   22.906433] cloud-init[903]: ci-info: +-------+-------------+---------+-----------+-------+
[   22.910272] cloud-init[903]: ci-info: |   1   |  fe80::/64  |    ::   |   enp0s3  |   U   |
[   22.913409] cloud-init[903]: ci-info: |   3   |    local    |    ::   |   enp0s3  |   U   |
[   22.916906] cloud-init[903]: ci-info: |   4   |   ff00::/8  |    ::   |   enp0s3  |   U   |
[   22.919768] cloud-init[903]: ci-info: +-------+-------------+---------+-----------+-------+
[   23.799600] cloud-init[903]: Generating public/private rsa key pair.
[   23.801705] cloud-init[903]: Your identification has been saved in /etc/ssh/ssh_host_rsa_key.
[[0;32m  OK  [0m] Started Initial cloud-init job (metadata service crawler).
[   23.846107] [cloud-init[0;32m  OK  [0m[903]: ] Your public key has been saved in /etc/ssh/ssh_host_rsa_key.pub.Reached target System Initialization.

[   23.851801] [cloud-init[0;32m  OK  [0m[903]: ] The key fingerprint is:Listening on D-Bus System Message Bus Socket.

[   23.854859] cloud-init[903]: SHA256:RUnuJRwC2ykSk/9v1IZ8HQaUzrKv9Mdcb+lVVRYBaro root@ubuntu-bionic
[[0;32m  OK  [0m] Listening on cloud-init hotplug hook socket.
[   23.854934] cloud-init[903]: The key's randomart image is:
[[0;32m  OK  [0m] Started Discard unused blocks once a week.
[[0;32m  OK  [0m] Listening on ACPID Listen Socket.
[[0;32m  OK  [0m] Started Ubuntu Advantage Timer for running repeated jobs.
[   23.859576] cloud-init[903]: +---[RSA 2048]----+
[   23.867413] cloud-init[903]: |    o.....+o.o.o=|
[[0;32m  OK  [0m] Listening on UUID daemon activation socket.
[   23.867486] cloud-init[903]: |    .o o *..+  ..|
         Starting Socket activation for snappy daemon.
[[   23.873133] [0;32m  OK  [0mcloud-init] [903]: Listening on Open-iSCSI iscsid Socket.|    ..o o ==..  .|

[[0;32m  OK  [0m] Started ACPI Events Check.
[   23.888695] cloud-init[903]: |     ... o+oo o .|
[[   23.891649] [0;32m  OK  [0mcloud-init] [903]: Started Message of the Day.|       .So.= o ..|

[   23.894331] cloud-init[903]: |        . * + . o|
[[0;32m  OK  [0m] Started Daily Cleanup of Temporary Directories.
[   23.895910] cloud-init[903]: |         E.+ o .+|
[   23.899441] cloud-init[903]: |         .o.. +.+|
[[0;32m  OK  [0m] Started Daily apt download activities.
[   23.899566] cloud-init[903]: |         ......o |
[   23.904324] [cloud-init[0;32m  OK  [0m[903]: ] +----[SHA256]-----+Started Daily apt upgrade and clean activities.

[   23.907466] [cloud-init[0;32m  OK  [0m[903]: ] Generating public/private dsa key pair.Reached target Timers.

[   23.910685] [cloud-init[0;32m  OK  [0m[903]: ] Your identification has been saved in /etc/ssh/ssh_host_dsa_key.Started Trigger to poll for Ubuntu …(Only enabled on GCP LTS non-pro).

[[0;32m  OK  [0m] Reached target Paths.
[   23.915380] cloud-init[903]: Your public key has been saved in /etc/ssh/ssh_host_dsa_key.pub.
[   23.919094] cloud-init[903]: The key fingerprint is:
[   23.922550] cloud-init[903]: SHA256:38ZDZ0OEduovFKf9MsVXuebytu3ZnWQi7ISV280yv/I root@ubuntu-bionic
         Starting LXD - unix socket.
[[0;32m  OK  [0m] Reached target Network is Online.
[   23.928008] cloud-init[903]: The key's randomart image is:
[[0;32m  OK  [0m] Reached target Remote File Systems (Pre).
[[0;32m  OK  [0m] Reached target Remote File Systems.
[   23.932761] cloud-init[903]: +---[DSA 1024]----+
[   23.940808] cloud-init[903]: |             ..  |
[   23.943023]          cloud-initStarting Availability of block devices...[903]: 
|            o..  |
[[0;32m  OK  [0m] Reached target Cloud-config availability.
[   23.947179] cloud-init[903]: |           . o. .|
[[   23.950674] [0;32m  OK  [0mcloud-init] [903]: Listening on Socket activation for snappy daemon.|            +....|

[   23.953982] cloud-init[903]: |        S  +.=+.o|
[   23.955598] [cloud-init[0;32m  OK  [0m[903]: ] |         .++*o+++|Listening on LXD - unix socket.

[   23.959081] cloud-init[903]: |         ..*=*oB.|
[   23.960647] [cloud-init[0;32m  OK  [0m[903]: ] |          o.o+@oB|Started Availability of block devices.

[   23.963792] cloud-init[903]: |           . .*EB|
[   23.965372] [cloud-init[0;32m  OK  [0m[903]: ] +----[SHA256]-----+Reached target Sockets.

[   23.968129] cloud-init[903]: Generating public/private ecdsa key pair.
[[0;32m  OK  [0m] Reached target Basic System.
[   23.970123] cloud-init[903]: Your identification has been saved in /etc/ssh/ssh_host_ecdsa_key.
         Starting Pollinate to seed the pseudo random number generator...
[   23.979442] cloud-init[903]: Your public key has been saved in /etc/ssh/ssh_host_ecdsa_key.pub.
[   23.986318] cloud-init[903]: The key fingerprint is:
[   23.988895] cloud-init[903]: SHA256:Ai1krHD28yj4PTWanvosszrI2QcE+7z25cBngFPNn7M root@ubuntu-bionic
[   23.988980] cloud-init[903]: The key's randomart image is:
[   23.989009] cloud-init[903]: +---[ECDSA 256]---+
[   23.989035] cloud-init[903]: |   .o            |
[   23.989408] cloud-init[903]: |..oo..o          |
[   23.989736] cloud-init[903]: | +ooo..o         |
[   23.990067] cloud-init[903]: | ...=o  . .      |
[   23.990384] cloud-init[903]: | .+o =. S+       |
[   23.990717] cloud-init[903]: |. .++ =.  o      |
[   23.991039] cloud-init[903]: |o.ooo* = E       |
[   23.991362] cloud-init[903]: |oo+==o*          |
[   23.991695] cloud-init[903]: |.o+BBo .         |
[   23.992020] cloud-init[903]: +----[SHA256]-----+
[   23.992369] cloud-init[903]: Generating public/private ed25519 key pair.
[[0;32m  OK  [0m] Started FUSE filesystem for LXC.
         Starting LSB: Record successful boot for GRUB...
[   23.992701] cloud-init[903]: Your identification has been saved in /etc/ssh/ssh_host_ed25519_key.
[[0;32m  OK  [0m] Started Regular background program processing daemon.
[   24.019688] cloud-init[903]: Your public key has been saved in /etc/ssh/ssh_host_ed25519_key.pub.
[   24.035431] cloud-init[903]: The key fingerprint is:
[   24.037209] cloud-init[903]: SHA256:e4Bdd2QmnxIPTgY+4BfHFpVLwpEIjbgXeXcAkE076oI root@ubuntu-bionic
[   24.040980] cloud-init[903]: The key's randomart image is:
[   24.043613] cloud-init[903]: +--[ED25519 256]--+
[   24.045615] cloud-init[903]: |       .+X=*@*=. |
[   24.047360] cloud-init[903]: |      ..=o=BBX+. |
[   24.048991] cloud-init[903]: |       ..oBo++=. |
[   24.050694] cloud-init[903]: |      .o.+ + o.  |
[   24.052425] cloud-init[903]: |      ..S        |
[   24.053947] cloud-init[903]: |     . . o       |
[   24.055283] cloud-init[903]: |    E . o .      |
[   24.056758] cloud-init[903]: |       . .       |
[   24.058461] cloud-init[903]: |                 |
[   24.059989] cloud-init[903]: +----[SHA256]-----+
[[0;32m  OK  [0m] Started irqbalance daemon.
         Starting Login Service...
         Starting System Logging Service...
         Starting Accounts Service...
         Starting Snap Daemon...
         Starting Dispatcher daemon for systemd-networkd...
[[0;32m  OK  [0m] Started D-Bus System Message Bus.
         Starting LXD - container startup/shutdown...
[[0;32m  OK  [0m] Started Deferred execution scheduler.
         Starting LSB: automatic crash report generation...
         Starting Virtualbox guest utils...
         Starting Permit User Sessions...
[[0;32m  OK  [0m] Started System Logging Service.
[[0;32m  OK  [0m] Started Login Service.
[[0;32m  OK  [0m] Started Unattended Upgrades Shutdown.
[[0;32m  OK  [0m] Started Permit User Sessions.
         Starting Hold until boot process finishes up...
         Starting Terminate Plymouth Boot Screen...
[[0;32m  OK  [0m] Started Hold until boot process finishes up.
[[0;32m  OK  [0m] Started Terminate Plymouth Boot Screen.
         Starting Set console scheme...
[[0;32m  OK  [0m] Started Serial Getty on ttyS0.
         Starting Authorization Manager...
[[0;32m  OK  [0m] Started LSB: automatic crash report generation.
[[0;32m  OK  [0m] Started Set console scheme.
[[0;32m  OK  [0m] Created slice system-getty.slice.
[[0;32m  OK  [0m] Started Getty on tty1.
[[0;32m  OK  [0m] Reached target Login Prompts.
[[0;32m  OK  [0m] Started LSB: Record successful boot for GRUB.
[[0;32m  OK  [0m] Started Authorization Manager.
[[0;32m  OK  [0m] Started Accounts Service.
[[0;32m  OK  [0m] Started Virtualbox guest utils.
[[0;32m  OK  [0m] Started LXD - container startup/shutdown.
[[0;32m  OK  [0m] Started Dispatcher daemon for systemd-networkd.
[[0;32m  OK  [0m] Started Snap Daemon.
         Starting Wait until snapd is fully seeded...
         Starting Time & Date Service...
[[0;32m  OK  [0m] Started Time & Date Service.
[[0;32m  OK  [0m] Started Wait until snapd is fully seeded.
         Starting Apply the settings specified in cloud-config...
[   26.938946] cloud-init[1560]: Cloud-init v. 21.4-0ubuntu1~18.04.1 running 'modules:config' at Sun, 20 Feb 2022 23:11:25 +0000. Up 26.52 seconds.
[[0;32m  OK  [0m] Started Apply the settings specified in cloud-config.
[[0;32m  OK  [0m] Started Pollinate to seed the pseudo random number generator.
         Starting OpenBSD Secure Shell server...
[[0;32m  OK  [0m] Started OpenBSD Secure Shell server.
[[0;32m  OK  [0m] Reached target Multi-User System.
[[0;32m  OK  [0m] Reached target Graphical Interface.
         Starting Execute cloud user/final scripts...
         Starting Update UTMP about System Runlevel Changes...
[[0;32m  OK  [0m] Started Update UTMP about System Runlevel Changes.
[[0;32m  OK  [0m] Created slice User Slice of vagrant.
         Starting User Manager for UID 1000...
[[0;32m  OK  [0m] Started Session 1 of user vagrant.
ci-info: no authorized SSH keys fingerprints found for user ubuntu.
[[0;32m  OK  [0m] Started User Manager for UID 1000.
<14>Feb 20 23:11:26 cloud-init: #############################################################
<14>Feb 20 23:11:26 cloud-init: -----BEGIN SSH HOST KEY FINGERPRINTS-----
<14>Feb 20 23:11:26 cloud-init: 1024 SHA256:38ZDZ0OEduovFKf9MsVXuebytu3ZnWQi7ISV280yv/I root@ubuntu-bionic (DSA)
<14>Feb 20 23:11:26 cloud-init: 256 SHA256:Ai1krHD28yj4PTWanvosszrI2QcE+7z25cBngFPNn7M root@ubuntu-bionic (ECDSA)
<14>Feb 20 23:11:26 cloud-init: 256 SHA256:e4Bdd2QmnxIPTgY+4BfHFpVLwpEIjbgXeXcAkE076oI root@ubuntu-bionic (ED25519)
<14>Feb 20 23:11:26 cloud-init: 2048 SHA256:RUnuJRwC2ykSk/9v1IZ8HQaUzrKv9Mdcb+lVVRYBaro root@ubuntu-bionic (RSA)
<14>Feb 20 23:11:26 cloud-init: -----END SSH HOST KEY FINGERPRINTS-----
<14>Feb 20 23:11:26 cloud-init: #############################################################
-----BEGIN SSH HOST KEY KEYS-----
ecdsa-sha2-nistp256 AAAAE2VjZHNhLXNoYTItbmlzdHAyNTYAAAAIbmlzdHAyNTYAAABBBA8l9b5M5Zg1xDfl37Vnk+zsfPRxVItcN2vV+Q2QpcT3MtQavxqaqQ70SbqcSRsGTNAIkiyeK4PRzClg+LUyni8= root@ubuntu-bionic
ssh-ed25519 AAAAC3NzaC1lZDI1NTE5AAAAIOoFwpH8/P4o9MA+Z2yQvMyfDAZaQGqXjdChHB5hgMRi root@ubuntu-bionic
ssh-rsa AAAAB3NzaC1yc2EAAAADAQABAAABAQC5Mhq1FmhNFELXEXPBRMeFs7gpG/fR5RCRH4tG3ypwxzEa0rgQmpfKaqg8c4mFjuTRqlMNApvuB9MovvQ/tE40oo/YA/KSk8p1KJ5g7GasbXgfze7WvtPrbJTatDyuQG47fORntJj4N9HHDNgZl8u4tzjUWgySLSfiXpOhKv46gicEOp6sbwjzYGuAK32en7E0F0OYZlpesbL7eSpLU/RFolSIMfLYqII/aNKyFLpdXcOZJ3AWcdlgDmlzArtGJU5Vz6NcaC+Pg5EA5oWcRB8axdztWvcApupKTnyhwNx/4N0K7Wnc9k/UAq0yi+4YxYj8nOdp7CFYPbdyCCc9CvQl root@ubuntu-bionic
-----END SSH HOST KEY KEYS-----
[[0;32m  OK  [0m] Started Execute cloud user/final scripts.
[[0;32m  OK  [0m] Reached target Cloud-init target.
[   27.723622] cloud-init[1660]: Cloud-init v. 21.4-0ubuntu1~18.04.1 running 'modules:final' at Sun, 20 Feb 2022 23:11:26 +0000. Up 27.48 seconds.
[   27.730912] cloud-init[1660]: ci-info: no authorized SSH keys fingerprints found for user ubuntu.
[   27.733920] cloud-init[1660]: Cloud-init v. 21.4-0ubuntu1~18.04.1 finished at Sun, 20 Feb 2022 23:11:26 +0000. Datasource DataSourceNoCloud [seed=/dev/sdb][dsmode=net].  Up 27.65 seconds

Ubuntu 18.04.6 LTS ubuntu-bionic ttyS0

ubuntu-bionic login: 